

*******************************************************************************
Mon Apr  8 16:37:10 2019


FIT:    data read from 'e27.txt' u 1:3
        format = x:z
        x range restricted to [-1.02000 : 1.02800]
BREAK: No data to fit

*******************************************************************************
Mon Apr  8 16:37:48 2019


FIT:    data read from 'e27.txt' u 1:3
        format = x:z
        x range restricted to [6.20000 : 8.20000]
        #datapoints = 4000
        residuals are weighted equally (unit weight)

function used for fitting: y(x)
	y(x)=a*exp(-(x-m)**2/(2*s**2))+c
fitted parameters initialized with current variable values

iter      chisq       delta/lim  lambda   a             m             s             c            
   0 2.9930420668e+00   0.00e+00  4.04e-01   -5.000000e-02   6.500000e+00   2.000000e-01   3.878540e-01
  18 9.1809199153e-01  -2.69e-01  4.04e-13   -6.536186e-02   6.560871e+00   4.946864e-02   3.633358e-01

After 18 iterations the fit converged.
final sum of squares of residuals : 0.918092
rel. change during last iteration : -2.68607e-06

degrees of freedom    (FIT_NDF)                        : 3996
rms of residuals      (FIT_STDFIT) = sqrt(WSSR/ndf)    : 0.0151576
variance of residuals (reduced chisquare) = WSSR/ndf   : 0.000229753

Final set of parameters            Asymptotic Standard Error
=======================            ==========================
a               = -0.0653619       +/- 0.0006924    (1.059%)
m               = 6.56087          +/- 0.0005503    (0.008388%)
s               = 0.0494686        +/- 0.0006997    (1.414%)
c               = 0.363336         +/- 0.0004077    (0.1122%)

correlation matrix of the fit parameters:
                a      m      s      c      
a               1.000 
m              -0.069  1.000 
s               0.153 -0.053  1.000 
c              -0.419 -0.002  0.620  1.000 


*******************************************************************************
Mon Apr  8 16:38:23 2019


FIT:    data read from 'e29.txt' u 1:3
        format = x:z
        x range restricted to [6.20000 : 8.20000]
        #datapoints = 4000
        residuals are weighted equally (unit weight)

function used for fitting: y2(x)
	y2(x)=a2*exp(-(x-m2)**2/(2*s2**2))+c
fitted parameters initialized with current variable values

iter      chisq       delta/lim  lambda   a2            m2            s2            c2           
   0 4.1250028855e+01   0.00e+00  6.94e-01   -1.581680e-01   6.883530e+00   2.997380e-01   3.719580e-01
BREAK: Singular matrix in Invert_RtR

*******************************************************************************
Mon Apr  8 16:38:36 2019


FIT:    data read from 'e29.txt' u 1:3
        format = x:z
        x range restricted to [6.20000 : 8.20000]
        #datapoints = 4000
        residuals are weighted equally (unit weight)

function used for fitting: y2(x)
	y2(x)=a2*exp(-(x-m2)**2/(2*s2**2))+c
fitted parameters initialized with current variable values

iter      chisq       delta/lim  lambda   a2            m2            s2            c2           
   0 7.1814895523e-01   0.00e+00  3.78e+00   -1.663580e-01   6.802477e+00  -4.955724e-02   3.723300e-01
BREAK: Singular matrix in Invert_RtR

*******************************************************************************
Mon Apr  8 16:41:11 2019


FIT:    data read from 'e29.txt' u 1:3
        format = x:z
        x range restricted to [6.20000 : 8.20000]
        #datapoints = 4000
        residuals are weighted equally (unit weight)

function used for fitting: y2(x)
	y2(x)=a2*exp(-(x-m2)**2/(2*s2**2))+c
fitted parameters initialized with current variable values

iter      chisq       delta/lim  lambda   a2            m2            s2            c2           
   0 9.8065463070e-01   0.00e+00  3.41e+00   -1.500000e-01   6.800000e+00  -4.955720e-02   3.727023e-01
BREAK: Singular matrix in Invert_RtR

*******************************************************************************
Mon Apr  8 16:41:29 2019


FIT:    data read from 'e29.txt' u 1:3
        format = x:z
        x range restricted to [6.20000 : 8.20000]
        #datapoints = 4000
        residuals are weighted equally (unit weight)

function used for fitting: y2(x)
	y2(x)=a2*exp(-(x-m2)**2/(2*s2**2))+c
fitted parameters initialized with current variable values

iter      chisq       delta/lim  lambda   a2            m2            s2            c2           
   0 1.1358669812e+01   0.00e+00  2.60e+00   -1.663584e-01   6.802478e+00   1.000000e-01   3.730750e-01
BREAK: Singular matrix in Invert_RtR

*******************************************************************************
Mon Apr  8 16:43:05 2019


FIT:    data read from 'e29.txt' u 1:3
        format = x:z
        x range restricted to [6.20000 : 8.20000]
        #datapoints = 4000
        residuals are weighted equally (unit weight)

function used for fitting: y2(x)
	y2(x)=a2*exp(-(x-m2)**2/(2*s2**2))+c
fitted parameters initialized with current variable values

iter      chisq       delta/lim  lambda   m2            s2            c2           
   0 7.1814894882e-01   0.00e+00  4.36e+00    6.802478e+00   4.955734e-02   3.734481e-01
BREAK: Singular matrix in Invert_RtR

*******************************************************************************
Mon Apr  8 16:43:11 2019


FIT:    data read from 'e29.txt' u 1:3
        format = x:z
        x range restricted to [6.20000 : 8.20000]
        #datapoints = 4000
        residuals are weighted equally (unit weight)

function used for fitting: y2(x)
	y2(x)=a2*exp(-(x-m2)**2/(2*s2**2))+c
fitted parameters initialized with current variable values

iter      chisq       delta/lim  lambda   a2            m2            c2           
   0 7.1814894700e-01   0.00e+00  4.36e+00   -1.663575e-01   6.802478e+00   3.738215e-01
BREAK: Singular matrix in Invert_RtR

*******************************************************************************
Mon Apr  8 16:43:48 2019


FIT:    data read from 'e29.txt' u 1:3
        format = x:z
        x range restricted to [6.20000 : 8.20000]
        #datapoints = 4000
        residuals are weighted equally (unit weight)

function used for fitting: y2(x)
	y2(x)=a2*exp(-(x-m2)**2/(2*s2**2))+c
fitted parameters initialized with current variable values

iter      chisq       delta/lim  lambda   a2            m2            s2            c2           
   0 8.6490725904e+04   0.00e+00  2.29e+02   -1.008933e+01   6.802478e+00   4.955733e-02   3.741953e-01
BREAK: Singular matrix in Invert_RtR

*******************************************************************************
Mon Apr  8 16:43:58 2019


FIT:    data read from 'e29.txt' u 1:3
        format = x:z
        x range restricted to [6.20000 : 8.20000]
        #datapoints = 4000
        residuals are weighted equally (unit weight)

function used for fitting: y2(x)
	y2(x)=a2*exp(-(x-m2)**2/(2*s2**2))+c
fitted parameters initialized with current variable values

iter      chisq       delta/lim  lambda   a2            m2            s2           
   0 7.1814894808e-01   0.00e+00  4.36e+00   -1.663586e-01   6.802478e+00   4.955710e-02
   1 7.1814894511e-01  -4.12e-04  4.36e-01   -1.663585e-01   6.802478e+00   4.955710e-02

After 1 iterations the fit converged.
final sum of squares of residuals : 0.718149
rel. change during last iteration : -4.12424e-09

degrees of freedom    (FIT_NDF)                        : 3997
rms of residuals      (FIT_STDFIT) = sqrt(WSSR/ndf)    : 0.0134042
variance of residuals (reduced chisquare) = WSSR/ndf   : 0.000179672

Final set of parameters            Asymptotic Standard Error
=======================            ==========================
a2              = -0.166359        +/- 0.0005555    (0.3339%)
m2              = 6.80248          +/- 0.0001914    (0.002814%)
s2              = 0.0495571        +/- 0.000191     (0.3854%)

correlation matrix of the fit parameters:
                a2     m2     s2     
a2              1.000 
m2             -0.079  1.000 
s2              0.579 -0.068  1.000 


*******************************************************************************
Mon Apr  8 16:44:01 2019


FIT:    data read from 'e29.txt' u 1:3
        format = x:z
        x range restricted to [6.20000 : 8.20000]
        #datapoints = 4000
        residuals are weighted equally (unit weight)

function used for fitting: y2(x)
	y2(x)=a2*exp(-(x-m2)**2/(2*s2**2))+c
fitted parameters initialized with current variable values

iter      chisq       delta/lim  lambda   a2            m2            s2            c2           
   0 7.1814894511e-01   0.00e+00  3.78e+00   -1.663585e-01   6.802478e+00   4.955710e-02   3.745695e-01
BREAK: Singular matrix in Invert_RtR

*******************************************************************************
Mon Apr  8 16:44:03 2019


FIT:    data read from 'e29.txt' u 1:3
        format = x:z
        x range restricted to [6.20000 : 8.20000]
        #datapoints = 4000
        residuals are weighted equally (unit weight)

function used for fitting: y2(x)
	y2(x)=a2*exp(-(x-m2)**2/(2*s2**2))+c
fitted parameters initialized with current variable values

iter      chisq       delta/lim  lambda   a2            m2            s2           
   0 7.1814894511e-01   0.00e+00  4.36e+00   -1.663585e-01   6.802478e+00   4.955710e-02
   1 7.1814894511e-01   0.00e+00  4.36e+04   -1.663585e-01   6.802478e+00   4.955710e-02

After 1 iterations the fit converged.
final sum of squares of residuals : 0.718149
rel. change during last iteration : 0

degrees of freedom    (FIT_NDF)                        : 3997
rms of residuals      (FIT_STDFIT) = sqrt(WSSR/ndf)    : 0.0134042
variance of residuals (reduced chisquare) = WSSR/ndf   : 0.000179672

Final set of parameters            Asymptotic Standard Error
=======================            ==========================
a2              = -0.166359        +/- 0.0005555    (0.3339%)
m2              = 6.80248          +/- 0.0001914    (0.002814%)
s2              = 0.0495571        +/- 0.000191     (0.3854%)

correlation matrix of the fit parameters:
                a2     m2     s2     
a2              1.000 
m2             -0.079  1.000 
s2              0.579 -0.068  1.000 


*******************************************************************************
Mon Apr  8 16:45:30 2019


FIT:    data read from 'e29.txt' u 1:3
        format = x:z
        x range restricted to [6.20000 : 8.20000]
        #datapoints = 4000
        residuals are weighted equally (unit weight)

function used for fitting: y2(x)
	y2(x)=a2*exp(-(x-m2)**2/(2*s2**2))+c
fitted parameters initialized with current variable values

iter      chisq       delta/lim  lambda   a2            m2            s2            c2           
   0 9.8848063596e-01   0.00e+00  3.78e+00   -1.663585e-01   6.802478e+00   4.955710e-02   3.749441e-01
BREAK: Singular matrix in Invert_RtR

*******************************************************************************
Mon Apr  8 16:45:33 2019


FIT:    data read from 'e29.txt' u 1:3
        format = x:z
        x range restricted to [6.20000 : 8.20000]
        #datapoints = 4000
        residuals are weighted equally (unit weight)

function used for fitting: y2(x)
	y2(x)=a2*exp(-(x-m2)**2/(2*s2**2))+c
fitted parameters initialized with current variable values

iter      chisq       delta/lim  lambda   a2            m2            s2           
   0 5.4571469534e-01   0.00e+00  4.32e+00   -1.560986e-01   6.802568e+00   4.454970e-02
   1 5.4571469534e-01   0.00e+00  4.32e+06   -1.560986e-01   6.802568e+00   4.454970e-02

After 1 iterations the fit converged.
final sum of squares of residuals : 0.545715
rel. change during last iteration : 0

degrees of freedom    (FIT_NDF)                        : 3997
rms of residuals      (FIT_STDFIT) = sqrt(WSSR/ndf)    : 0.0116847
variance of residuals (reduced chisquare) = WSSR/ndf   : 0.000136531

Final set of parameters            Asymptotic Standard Error
=======================            ==========================
a2              = -0.156099        +/- 0.0005111    (0.3274%)
m2              = 6.80257          +/- 0.0001688    (0.002482%)
s2              = 0.0445497        +/- 0.0001683    (0.3778%)

correlation matrix of the fit parameters:
                a2     m2     s2     
a2              1.000 
m2             -0.088  1.000 
s2              0.580 -0.076  1.000 


*******************************************************************************
Mon Apr  8 16:45:48 2019


FIT:    data read from 'e29.txt' u 1:3
        format = x:z
        x range restricted to [6.20000 : 8.20000]
        #datapoints = 4000
        residuals are weighted equally (unit weight)

function used for fitting: y2(x)
	y2(x)=a2*exp(-(x-m2)**2/(2*s2**2))+c
fitted parameters initialized with current variable values

iter      chisq       delta/lim  lambda   m2            s2            c2           
   0 5.4571469534e-01   0.00e+00  4.32e+00    6.802568e+00   4.454970e-02   3.753190e-01
BREAK: Singular matrix in Invert_RtR

*******************************************************************************
Mon Apr  8 16:45:56 2019


FIT:    data read from 'e29.txt' u 1:3
        format = x:z
        x range restricted to [6.20000 : 8.20000]
        #datapoints = 4000
        residuals are weighted equally (unit weight)

function used for fitting: y2(x)
	y2(x)=a2*exp(-(x-m2)**2/(2*s2**2))+c
fitted parameters initialized with current variable values

iter      chisq       delta/lim  lambda   s2            c2           
   0 5.4571469534e-01   0.00e+00  4.25e-02    4.454970e-02   3.756944e-01
BREAK: Singular matrix in Invert_RtR

*******************************************************************************
Mon Apr  8 16:46:00 2019


FIT:    data read from 'e29.txt' u 1:3
        format = x:z
        x range restricted to [6.20000 : 8.20000]
        #datapoints = 4000
        residuals are weighted equally (unit weight)

function used for fitting: y2(x)
	y2(x)=a2*exp(-(x-m2)**2/(2*s2**2))+c
fitted parameters initialized with current variable values

iter      chisq       delta/lim  lambda   c2           
   0 5.4571469534e-01   0.00e+00  0.00e+00    3.760701e-01
BREAK: Singular matrix in Givens()

*******************************************************************************
Mon Apr  8 16:47:18 2019


FIT:    data read from 'e31.txt' u 1:3
        format = x:z
        x range restricted to [6.20000 : 8.20000]
        #datapoints = 4000
        residuals are weighted equally (unit weight)

function used for fitting: y3(x)
	y3(x)=a3*exp(-(x-m3)**2/(2*s3**2))+c3
fitted parameters initialized with current variable values

iter      chisq       delta/lim  lambda   a3            m3            s3            c3           
   0 1.4513141748e+01   0.00e+00  6.35e-01   -1.103570e-01   7.484233e+00   2.763380e-01   3.671860e-01
  13 3.2623889511e-02  -8.45e-01  6.35e-06   -1.220905e-01   7.391883e+00   4.756206e-02   3.538123e-01

After 13 iterations the fit converged.
final sum of squares of residuals : 0.0326239
rel. change during last iteration : -8.44833e-06

degrees of freedom    (FIT_NDF)                        : 3996
rms of residuals      (FIT_STDFIT) = sqrt(WSSR/ndf)    : 0.0028573
variance of residuals (reduced chisquare) = WSSR/ndf   : 8.16414e-06

Final set of parameters            Asymptotic Standard Error
=======================            ==========================
a3              = -0.122091        +/- 0.000132     (0.1081%)
m3              = 7.39188          +/- 5.454e-05    (0.0007379%)
s3              = 0.0475621        +/- 6.811e-05    (0.1432%)
c3              = 0.353812         +/- 7.448e-05    (0.02105%)

correlation matrix of the fit parameters:
                a3     m3     s3     c3     
a3              1.000 
m3             -0.082  1.000 
s3              0.184 -0.062  1.000 
c3             -0.400  0.000  0.602  1.000 


*******************************************************************************
Mon Apr  8 16:47:49 2019


FIT:    data read from 'e33.txt' u 1:3
        format = x:z
        x range restricted to [6.20000 : 8.20000]
        #datapoints = 4000
        residuals are weighted equally (unit weight)

function used for fitting: y4(x)
	y4(x)=a4*exp(-(x-m4)**2/(2*s4**2))+c4
fitted parameters initialized with current variable values

iter      chisq       delta/lim  lambda   a3            m4            s4            c4           
   0 1.3961565160e+00   0.00e+00  2.98e-01   -1.220905e-01   7.932232e+00   2.199090e-01   3.418740e-01
BREAK: Singular matrix in Invert_RtR

*******************************************************************************
Mon Apr  8 16:47:58 2019


FIT:    data read from 'e33.txt' u 1:3
        format = x:z
        x range restricted to [6.20000 : 8.20000]
        #datapoints = 4000
        residuals are weighted equally (unit weight)

function used for fitting: y4(x)
	y4(x)=a4*exp(-(x-m4)**2/(2*s4**2))+c4
fitted parameters initialized with current variable values

iter      chisq       delta/lim  lambda   a3            m4            s4           
   0 7.6136990809e-02   0.00e+00  9.64e-01   -1.220905e-01   7.891057e+00   5.115209e-02
BREAK: Singular matrix in Invert_RtR

*******************************************************************************
Mon Apr  8 16:48:05 2019


FIT:    data read from 'e33.txt' u 1:3
        format = x:z
        x range restricted to [6.20000 : 8.20000]
        #datapoints = 4000
        residuals are weighted equally (unit weight)

function used for fitting: y4(x)
	y4(x)=a4*exp(-(x-m4)**2/(2*s4**2))+c4
fitted parameters initialized with current variable values

iter      chisq       delta/lim  lambda   a3            m4            c4           
   0 7.5959875585e-02   0.00e+00  9.77e-01   -1.220905e-01   7.891114e+00   3.388841e-01
BREAK: Singular matrix in Invert_RtR

*******************************************************************************
Mon Apr  8 16:48:12 2019


FIT:    data read from 'e33.txt' u 1:3
        format = x:z
        x range restricted to [6.20000 : 8.20000]
        #datapoints = 4000
        residuals are weighted equally (unit weight)

function used for fitting: y4(x)
	y4(x)=a4*exp(-(x-m4)**2/(2*s4**2))+c4
fitted parameters initialized with current variable values

iter      chisq       delta/lim  lambda   a3            m4            s4            c4           
   0 7.6268743960e-02   0.00e+00  8.47e-01   -1.220905e-01   7.891099e+00   5.184925e-02   3.390246e-01
BREAK: Singular matrix in Invert_RtR

*******************************************************************************
Mon Apr  8 16:48:32 2019


FIT:    data read from 'e33.txt' u 1:3
        format = x:z
        x range restricted to [6.20000 : 8.20000]
        #datapoints = 4000
        residuals are weighted equally (unit weight)

function used for fitting: y4(x)
	y4(x)=a4*exp(-(x-m4)**2/(2*s4**2))+c4
fitted parameters initialized with current variable values

iter      chisq       delta/lim  lambda   a3            m4            s4            c4           
   0 5.9823270031e+00   0.00e+00  8.53e-01   -1.220905e-01   7.891059e+00   5.056542e-02   3.000000e-01
BREAK: Singular matrix in Invert_RtR

*******************************************************************************
Mon Apr  8 16:49:38 2019


FIT:    data read from 'e33.txt' u 1:3
        format = x:z
        x range restricted to [6.20000 : 8.20000]
        #datapoints = 4000
        residuals are weighted equally (unit weight)

function used for fitting: y4(x)
	y4(x)=a4*exp(-(x-m4)**2/(2*s4**2))+c4
fitted parameters initialized with current variable values

iter      chisq       delta/lim  lambda   a3            m4            s4            c4           
   0 7.6134019855e-02   0.00e+00  8.55e-01   -1.220905e-01   7.891045e+00   5.072960e-02   3.387989e-01
BREAK: Singular matrix in Invert_RtR

*******************************************************************************
Mon Apr  8 16:49:59 2019


FIT:    data read from 'e33.txt' u 1:3
        format = x:z
        x range restricted to [6.20000 : 8.20000]
        #datapoints = 4000
        residuals are weighted equally (unit weight)

function used for fitting: y4(x)
	y4(x)=a4*exp(-(x-m4)**2/(2*s4**2))+c4
fitted parameters initialized with current variable values

iter      chisq       delta/lim  lambda   c4           
   0 7.6149627571e-02   0.00e+00  3.39e-01    3.388228e-01
   2 7.5691341015e-02  -3.78e-05  3.39e-03    3.384843e-01

After 2 iterations the fit converged.
final sum of squares of residuals : 0.0756913
rel. change during last iteration : -3.78228e-10

degrees of freedom    (FIT_NDF)                        : 3999
rms of residuals      (FIT_STDFIT) = sqrt(WSSR/ndf)    : 0.00435058
variance of residuals (reduced chisquare) = WSSR/ndf   : 1.89276e-05

Final set of parameters            Asymptotic Standard Error
=======================            ==========================
c4              = 0.338484         +/- 6.879e-05    (0.02032%)


*******************************************************************************
Mon Apr  8 16:50:12 2019


FIT:    data read from 'e33.txt' u 1:3
        format = x:z
        x range restricted to [6.20000 : 8.20000]
        #datapoints = 4000
        residuals are weighted equally (unit weight)

function used for fitting: y4(x)
	y4(x)=a4*exp(-(x-m4)**2/(2*s4**2))+c4
fitted parameters initialized with current variable values

iter      chisq       delta/lim  lambda   a3           
   0 7.5691341015e-02   0.00e+00  0.00e+00   -1.220905e-01
BREAK: Singular matrix in Givens()

*******************************************************************************
Mon Apr  8 16:50:19 2019


FIT:    data read from 'e33.txt' u 1:3
        format = x:z
        x range restricted to [6.20000 : 8.20000]
        #datapoints = 4000
        residuals are weighted equally (unit weight)

function used for fitting: y4(x)
	y4(x)=a4*exp(-(x-m4)**2/(2*s4**2))+c4
fitted parameters initialized with current variable values

iter      chisq       delta/lim  lambda   m4           
   0 7.5691341015e-02   0.00e+00  1.67e+00    7.891001e+00
   1 7.5691341015e-02   0.00e+00  1.67e+07    7.891001e+00

After 1 iterations the fit converged.
final sum of squares of residuals : 0.0756913
rel. change during last iteration : 0

degrees of freedom    (FIT_NDF)                        : 3999
rms of residuals      (FIT_STDFIT) = sqrt(WSSR/ndf)    : 0.00435058
variance of residuals (reduced chisquare) = WSSR/ndf   : 1.89276e-05

Final set of parameters            Asymptotic Standard Error
=======================            ==========================
m4              = 7.891            +/- 0.0003241    (0.004107%)


*******************************************************************************
Mon Apr  8 16:50:26 2019


FIT:    data read from 'e33.txt' u 1:3
        format = x:z
        x range restricted to [6.20000 : 8.20000]
        #datapoints = 4000
        residuals are weighted equally (unit weight)

function used for fitting: y4(x)
	y4(x)=a4*exp(-(x-m4)**2/(2*s4**2))+c4
fitted parameters initialized with current variable values

iter      chisq       delta/lim  lambda   s3           
   0 7.5691341015e-02   0.00e+00  0.00e+00    4.756206e-02
BREAK: Singular matrix in Givens()

*******************************************************************************
Mon Apr  8 16:52:22 2019


FIT:    data read from 'e33.txt' u 1:3
        format = x:z
        x range restricted to [6.20000 : 8.20000]
        #datapoints = 4000
        residuals are weighted equally (unit weight)

function used for fitting: y4(x)
	y4(x)=a4*exp(-(x-m4)**2/(2*s4**2))+c4
fitted parameters initialized with current variable values

iter      chisq       delta/lim  lambda   a3            m4            s4            c4           
   0 7.5691341015e-02   0.00e+00  8.54e-01   -1.222126e-01   7.891001e+00   5.084798e-02   3.384843e-01
BREAK: Singular matrix in Invert_RtR

*******************************************************************************
Mon Apr  8 16:52:44 2019


FIT:    data read from 'halfspecunsat.txt' u 1:3
        format = x:z
        x range restricted to [6.20000 : 8.20000]
        #datapoints = 501
        residuals are weighted equally (unit weight)

function used for fitting: y4(x)
	y4(x)=a4*exp(-(x-m4)**2/(2*s4**2))+c4
fitted parameters initialized with current variable values

iter      chisq       delta/lim  lambda   a3            m4            s4            c4           
   0 1.2457944136e+00   0.00e+00  4.11e-01   -1.222126e-01   7.891001e+00   5.084798e-02   3.388228e-01
BREAK: Singular matrix in Invert_RtR

*******************************************************************************
Mon Apr  8 16:52:49 2019


FIT:    data read from 'e33.txt' u 1:3
        format = x:z
        x range restricted to [6.20000 : 8.20000]
        #datapoints = 4000
        residuals are weighted equally (unit weight)

function used for fitting: y4(x)
	y4(x)=a4*exp(-(x-m4)**2/(2*s4**2))+c4
fitted parameters initialized with current variable values

iter      chisq       delta/lim  lambda   a3            m4            s4            c4           
   0 2.0371187226e+00   0.00e+00  1.60e+00   -1.222126e-01   7.918096e+00  -1.104069e-03   3.454360e-01
BREAK: Singular matrix in Invert_RtR

*******************************************************************************
Mon Apr  8 16:52:55 2019


FIT:    data read from 'e33.txt' u 1:3
        format = x:z
        x range restricted to [6.20000 : 8.20000]
        #datapoints = 4000
        residuals are weighted equally (unit weight)

function used for fitting: y4(x)
	y4(x)=a4*exp(-(x-m4)**2/(2*s4**2))+c4
fitted parameters initialized with current variable values

iter      chisq       delta/lim  lambda   a3           
   0 8.7477054240e-01   0.00e+00  0.00e+00   -1.222126e-01
BREAK: Singular matrix in Givens()

*******************************************************************************
Mon Apr  8 16:53:24 2019


FIT:    data read from 'e33.txt' u 1:3
        format = x:z
        x range restricted to [6.20000 : 8.20000]
        #datapoints = 4000
        residuals are weighted equally (unit weight)

function used for fitting: y4(x)
	y4(x)=a4*exp(-(x-m4)**2/(2*s4**2))+c4
fitted parameters initialized with current variable values

iter      chisq       delta/lim  lambda   a4            m4            s4            c4           
   0 8.7477054240e-01   0.00e+00  2.39e+00   -3.220230e-02   7.933959e+00  -4.169527e-03   3.293947e-01
   1 8.7477054240e-01   0.00e+00  2.39e+08   -3.220230e-02   7.933959e+00  -4.169527e-03   3.293947e-01

After 1 iterations the fit converged.
final sum of squares of residuals : 0.874771
rel. change during last iteration : 0

degrees of freedom    (FIT_NDF)                        : 3996
rms of residuals      (FIT_STDFIT) = sqrt(WSSR/ndf)    : 0.0147957
variance of residuals (reduced chisquare) = WSSR/ndf   : 0.000218912

Final set of parameters            Asymptotic Standard Error
=======================            ==========================
a4              = -0.0322023       +/- 0.003058     (9.497%)
m4              = 7.93396          +/- 0.0005636    (0.007104%)
s4              = -0.00416953      +/- 0.0003837    (9.202%)
c4              = 0.329395         +/- 0.0002411    (0.07321%)

correlation matrix of the fit parameters:
                a4     m4     s4     c4     
a4              1.000 
m4             -0.723  1.000 
s4             -0.724  0.559  1.000 
c4             -0.099  0.060 -0.081  1.000 


*******************************************************************************
Mon Apr  8 16:57:13 2019


FIT:    data read from 'e33.txt' u 1:3
        format = x:z
        x range restricted to [6.20000 : 8.20000]
        #datapoints = 4000
        residuals are weighted equally (unit weight)

function used for fitting: y4(x)
	y4(x)=a4*exp(-(x-m4)**2/(2*s4**2))+c4
fitted parameters initialized with current variable values

iter      chisq       delta/lim  lambda   a4            m4            s4            c4           
   0 8.7477054240e-01   0.00e+00  2.39e+00   -3.220230e-02   7.933959e+00  -4.169527e-03   3.293947e-01
   1 8.7477054240e-01   0.00e+00  2.39e+08   -3.220230e-02   7.933959e+00  -4.169527e-03   3.293947e-01

After 1 iterations the fit converged.
final sum of squares of residuals : 0.874771
rel. change during last iteration : 0

degrees of freedom    (FIT_NDF)                        : 3996
rms of residuals      (FIT_STDFIT) = sqrt(WSSR/ndf)    : 0.0147957
variance of residuals (reduced chisquare) = WSSR/ndf   : 0.000218912

Final set of parameters            Asymptotic Standard Error
=======================            ==========================
a4              = -0.0322023       +/- 0.003058     (9.497%)
m4              = 7.93396          +/- 0.0005636    (0.007104%)
s4              = -0.00416953      +/- 0.0003837    (9.202%)
c4              = 0.329395         +/- 0.0002411    (0.07321%)

correlation matrix of the fit parameters:
                a4     m4     s4     c4     
a4              1.000 
m4             -0.723  1.000 
s4             -0.724  0.559  1.000 
c4             -0.099  0.060 -0.081  1.000 


*******************************************************************************
Mon Apr  8 16:58:26 2019


FIT:    data read from 'e33.txt' u 1:3
        format = x:z
        x range restricted to [7.00000 : 8.00000]
        #datapoints = 3165
        residuals are weighted equally (unit weight)

function used for fitting: y4(x)
	y4(x)=a4*exp(-(x-m4)**2/(2*s4**2))+c4
fitted parameters initialized with current variable values

iter      chisq       delta/lim  lambda   a4            m4            s4            c4           
   0 8.3256663074e-01   0.00e+00  2.69e+00   -3.220230e-02   7.933959e+00  -4.169527e-03   3.293947e-01
 115 6.5638577784e-01  -8.70e-01  2.69e+01   -5.161190e-03   7.891302e+00  -4.309600e-02   3.277745e-01

After 115 iterations the fit converged.
final sum of squares of residuals : 0.656386
rel. change during last iteration : -8.70059e-06

degrees of freedom    (FIT_NDF)                        : 3161
rms of residuals      (FIT_STDFIT) = sqrt(WSSR/ndf)    : 0.0144101
variance of residuals (reduced chisquare) = WSSR/ndf   : 0.000207651

Final set of parameters            Asymptotic Standard Error
=======================            ==========================
a4              = -0.00516119      +/- 0.0007274    (14.09%)
m4              = 7.8913           +/- 0.006219     (0.0788%)
s4              = -0.043096        +/- 0.007997     (18.56%)
c4              = 0.327774         +/- 0.0004551    (0.1388%)

correlation matrix of the fit parameters:
                a4     m4     s4     c4     
a4              1.000 
m4             -0.079  1.000 
s4             -0.108  0.080  1.000 
c4             -0.467 -0.023 -0.627  1.000 


*******************************************************************************
Mon Apr  8 17:02:50 2019


FIT:    data read from 'halfspecunsat.txt' u 1:3
        format = x:z
        x range restricted to [6.00000 : 8.00000]
        #datapoints = 501
        residuals are weighted equally (unit weight)

function used for fitting: y(x)
	y(x)=a*exp(-(x-m)**2/(2*s**2))+c
fitted parameters initialized with current variable values

iter      chisq       delta/lim  lambda   a             m             s             c            
   0 1.4591383438e+00   0.00e+00  6.64e-01   -6.536186e-02   6.560871e+00   4.946864e-02   3.500000e-01
  14 7.6293044595e-01  -2.47e-01  6.64e-05    7.773531e-02   6.288503e+00  -3.654073e-01   3.197599e-01

After 14 iterations the fit converged.
final sum of squares of residuals : 0.76293
rel. change during last iteration : -2.47269e-06

degrees of freedom    (FIT_NDF)                        : 497
rms of residuals      (FIT_STDFIT) = sqrt(WSSR/ndf)    : 0.03918
variance of residuals (reduced chisquare) = WSSR/ndf   : 0.00153507

Final set of parameters            Asymptotic Standard Error
=======================            ==========================
a               = 0.0777353        +/- 0.004539     (5.839%)
m               = 6.2885           +/- 0.03609      (0.5739%)
s               = -0.365407        +/- 0.04182      (11.44%)
c               = 0.31976          +/- 0.002874     (0.8989%)

correlation matrix of the fit parameters:
                a      m      s      c      
a               1.000 
m               0.092  1.000 
s               0.141  0.624  1.000 
c              -0.489  0.085  0.485  1.000 


*******************************************************************************
Mon Apr  8 17:02:56 2019


FIT:    data read from 'halfspecunsat.txt' u 1:3
        format = x:z
        x range restricted to [6.00000 : 8.00000]
        #datapoints = 501
        residuals are weighted equally (unit weight)

function used for fitting: y2(x)
	y2(x)=a2*exp(-(x-m2)**2/(2*s2**2))+c
fitted parameters initialized with current variable values

iter      chisq       delta/lim  lambda   a2            m2            s2            c2           
   0 2.3843273862e+00   0.00e+00  1.67e+00   -1.560986e-01   6.802568e+00   4.454970e-02   3.764461e-01
BREAK: Singular matrix in Invert_RtR

*******************************************************************************
Mon Apr  8 17:03:02 2019


FIT:    data read from 'halfspecunsat.txt' u 1:3
        format = x:z
        x range restricted to [6.00000 : 8.00000]
        #datapoints = 501
        residuals are weighted equally (unit weight)

function used for fitting: y3(x)
	y3(x)=a3*exp(-(x-m3)**2/(2*s3**2))+c3
fitted parameters initialized with current variable values

iter      chisq       delta/lim  lambda   a3            m3            s3            c3           
   0 7.0659092409e-01   0.00e+00  1.39e+00   -1.223348e-01   7.391883e+00   4.760963e-02   3.538123e-01
   5 2.5071229555e-01  -6.71e-02  1.39e-05   -1.640346e-01   7.446701e+00   9.875059e-02   3.679739e-01

After 5 iterations the fit converged.
final sum of squares of residuals : 0.250712
rel. change during last iteration : -6.70905e-07

degrees of freedom    (FIT_NDF)                        : 497
rms of residuals      (FIT_STDFIT) = sqrt(WSSR/ndf)    : 0.02246
variance of residuals (reduced chisquare) = WSSR/ndf   : 0.000504451

Final set of parameters            Asymptotic Standard Error
=======================            ==========================
a3              = -0.164035        +/- 0.004243     (2.586%)
m3              = 7.4467           +/- 0.002895     (0.03887%)
s3              = 0.0987506        +/- 0.003059     (3.098%)
c3              = 0.367974         +/- 0.001168     (0.3175%)

correlation matrix of the fit parameters:
                a3     m3     s3     c3     
a3              1.000 
m3             -0.043  1.000 
s3              0.473 -0.036  1.000 
c3             -0.195 -0.000  0.325  1.000 


*******************************************************************************
Mon Apr  8 17:03:07 2019


FIT:    data read from 'halfspecunsat.txt' u 1:3
        format = x:z
        x range restricted to [6.00000 : 8.00000]
        #datapoints = 501
        residuals are weighted equally (unit weight)

function used for fitting: y4(x)
	y4(x)=a4*exp(-(x-m4)**2/(2*s4**2))+c4
fitted parameters initialized with current variable values

iter      chisq       delta/lim  lambda   a4            m4            s4            c4           
   0 1.4335282389e+00   0.00e+00  1.76e-01   -5.161190e-03   7.891302e+00  -4.309600e-02   3.277745e-01
  24 1.2007952205e+00  -9.81e-01  1.76e+00    1.158507e-02   7.855755e+00   9.537181e-02   3.464456e-01

After 24 iterations the fit converged.
final sum of squares of residuals : 1.2008
rel. change during last iteration : -9.81418e-06

degrees of freedom    (FIT_NDF)                        : 497
rms of residuals      (FIT_STDFIT) = sqrt(WSSR/ndf)    : 0.0491537
variance of residuals (reduced chisquare) = WSSR/ndf   : 0.00241609

Final set of parameters            Asymptotic Standard Error
=======================            ==========================
a4              = 0.0115851        +/- 0.009698     (83.71%)
m4              = 7.85575          +/- 0.09466      (1.205%)
s4              = 0.0953718        +/- 0.1059       (111%)
c4              = 0.346446         +/- 0.002451     (0.7074%)

correlation matrix of the fit parameters:
                a4     m4     s4     c4     
a4              1.000 
m4             -0.036  1.000 
s4             -0.521  0.145  1.000 
c4             -0.201  0.022 -0.227  1.000 


*******************************************************************************
Mon Apr  8 17:03:36 2019


FIT:    data read from 'halfspecunsat.txt' u 1:3
        format = x:z
        x range restricted to [6.00000 : 8.00000]
        #datapoints = 501
        residuals are weighted equally (unit weight)

function used for fitting: y2(x)
	y2(x)=a2*exp(-(x-m2)**2/(2*s2**2))+c
fitted parameters initialized with current variable values

iter      chisq       delta/lim  lambda   a2            m2            s2            c2           
   0 2.0719379486e+00   0.00e+00  3.03e-01    7.801820e-02   7.000000e+00   3.610588e-01   3.768226e-01
BREAK: Singular matrix in Invert_RtR

*******************************************************************************
Mon Apr  8 17:03:45 2019


FIT:    data read from 'halfspecunsat.txt' u 1:3
        format = x:z
        x range restricted to [6.00000 : 8.00000]
        #datapoints = 501
        residuals are weighted equally (unit weight)

function used for fitting: y2(x)
	y2(x)=a2*exp(-(x-m2)**2/(2*s2**2))+c
fitted parameters initialized with current variable values

iter      chisq       delta/lim  lambda   a2            m2            s2           
   0 7.6292067467e-01   0.00e+00  2.52e-01    7.801223e-02   6.290168e+00   3.611555e-01
   1 7.6291484177e-01  -7.65e-01  2.52e-02    7.789525e-02   6.289687e+00   3.629842e-01

After 1 iterations the fit converged.
final sum of squares of residuals : 0.762915
rel. change during last iteration : -7.64554e-06

degrees of freedom    (FIT_NDF)                        : 498
rms of residuals      (FIT_STDFIT) = sqrt(WSSR/ndf)    : 0.0391402
variance of residuals (reduced chisquare) = WSSR/ndf   : 0.00153196

Final set of parameters            Asymptotic Standard Error
=======================            ==========================
a2              = 0.0778953        +/- 0.003968     (5.094%)
m2              = 6.28969          +/- 0.03536      (0.5622%)
s2              = 0.362984         +/- 0.03609      (9.941%)

correlation matrix of the fit parameters:
                a2     m2     s2     
a2              1.000 
m2              0.157  1.000 
s2             -0.501 -0.663  1.000 


*******************************************************************************
Mon Apr  8 17:09:58 2019


FIT:    data read from 'e27.txt' u 1:3
        format = x:z
        #datapoints = 4000
        residuals are weighted equally (unit weight)

function used for fitting: y(x)
	y(x)=a*exp(-(x-m)**2/(2*s**2))+c
fitted parameters initialized with current variable values

iter      chisq       delta/lim  lambda   a             m             s             c            
   0 7.7719024081e+00   0.00e+00  3.66e-01    7.773531e-02   6.288503e+00  -3.654073e-01   3.197599e-01
  35 1.1045020053e+00  -2.35e-01  3.66e-01    5.782822e-02   6.378741e+00  -5.998379e-02   3.260674e-01

After 35 iterations the fit converged.
final sum of squares of residuals : 1.1045
rel. change during last iteration : -2.35088e-06

degrees of freedom    (FIT_NDF)                        : 3996
rms of residuals      (FIT_STDFIT) = sqrt(WSSR/ndf)    : 0.0166253
variance of residuals (reduced chisquare) = WSSR/ndf   : 0.000276402

Final set of parameters            Asymptotic Standard Error
=======================            ==========================
a               = 0.0578282        +/- 0.0007263    (1.256%)
m               = 6.37874          +/- 0.001347     (0.02112%)
s               = -0.0599838       +/- 0.001517     (2.529%)
c               = 0.326067         +/- 0.0003777    (0.1158%)

correlation matrix of the fit parameters:
                a      m      s      c      
a               1.000 
m               0.186  1.000 
s               0.294  0.671  1.000 
c              -0.397  0.071  0.394  1.000 


*******************************************************************************
Mon Apr  8 17:10:05 2019


FIT:    data read from 'e29.txt' u 1:3
        format = x:z
        #datapoints = 4000
        residuals are weighted equally (unit weight)

function used for fitting: y2(x)
	y2(x)=a2*exp(-(x-m2)**2/(2*s2**2))+c
fitted parameters initialized with current variable values

iter      chisq       delta/lim  lambda   a2            m2            s2            c2           
   0 2.3024463226e+01   0.00e+00  3.46e-01    7.789525e-02   6.289687e+00   3.629842e-01   3.771994e-01
BREAK: Singular matrix in Invert_RtR

*******************************************************************************
Mon Apr  8 17:10:06 2019


FIT:    data read from 'e31.txt' u 1:3
        format = x:z
        #datapoints = 4000
        residuals are weighted equally (unit weight)

function used for fitting: y3(x)
	y3(x)=a3*exp(-(x-m3)**2/(2*s3**2))+c3
fitted parameters initialized with current variable values

iter      chisq       delta/lim  lambda   a3            m3            s3            c3           
   0 1.4431459443e+01   0.00e+00  2.68e+00   -1.640346e-01   7.446701e+00   9.875059e-02   3.679739e-01
   9 3.2623916482e-02  -2.13e-11  2.68e+06   -1.220802e-01   7.391879e+00   4.756931e-02   3.538148e-01

After 9 iterations the fit converged.
final sum of squares of residuals : 0.0326239
rel. change during last iteration : -2.12693e-16

degrees of freedom    (FIT_NDF)                        : 3996
rms of residuals      (FIT_STDFIT) = sqrt(WSSR/ndf)    : 0.0028573
variance of residuals (reduced chisquare) = WSSR/ndf   : 8.16414e-06

Final set of parameters            Asymptotic Standard Error
=======================            ==========================
a3              = -0.12208         +/- 0.000132     (0.1081%)
m3              = 7.39188          +/- 5.455e-05    (0.000738%)
s3              = 0.0475693        +/- 6.813e-05    (0.1432%)
c3              = 0.353815         +/- 7.449e-05    (0.02105%)

correlation matrix of the fit parameters:
                a3     m3     s3     c3     
a3              1.000 
m3             -0.082  1.000 
s3              0.184 -0.062  1.000 
c3             -0.400  0.000  0.602  1.000 


*******************************************************************************
Mon Apr  8 17:10:09 2019


FIT:    data read from 'e33.txt' u 1:3
        format = x:z
        #datapoints = 4000
        residuals are weighted equally (unit weight)

function used for fitting: y4(x)
	y4(x)=a4*exp(-(x-m4)**2/(2*s4**2))+c4
fitted parameters initialized with current variable values

iter      chisq       delta/lim  lambda   a4            m4            s4            c4           
   0 3.7231268253e+00   0.00e+00  2.76e-01    1.158507e-02   7.855755e+00   9.537181e-02   3.464456e-01
  40 2.6743338158e-02   0.00e+00  2.76e+06   -4.223232e-02   7.891760e+00   4.904096e-02   3.412023e-01

After 40 iterations the fit converged.
final sum of squares of residuals : 0.0267433
rel. change during last iteration : 0

degrees of freedom    (FIT_NDF)                        : 3996
rms of residuals      (FIT_STDFIT) = sqrt(WSSR/ndf)    : 0.00258699
variance of residuals (reduced chisquare) = WSSR/ndf   : 6.69253e-06

Final set of parameters            Asymptotic Standard Error
=======================            ==========================
a4              = -0.0422323       +/- 0.0001185    (0.2807%)
m4              = 7.89176          +/- 0.000145     (0.001838%)
s4              = 0.049041         +/- 0.0001839    (0.3749%)
c4              = 0.341202         +/- 6.927e-05    (0.0203%)

correlation matrix of the fit parameters:
                a4     m4     s4     c4     
a4              1.000 
m4             -0.084  1.000 
s4              0.159 -0.063  1.000 
c4             -0.414 -0.000  0.618  1.000 


*******************************************************************************
Mon Apr  8 19:32:37 2019


FIT:    data read from 'e27.txt' u 1:3
        format = x:z
        #datapoints = 4000
        residuals are weighted equally (unit weight)

function used for fitting: y(x)
	y(x)=a*exp(-(x-m)**2/(2*s**2))+c
fitted parameters initialized with current variable values

iter      chisq       delta/lim  lambda   a             m             s             c            
   0 1.1045020053e+00   0.00e+00  9.15e-01    5.782822e-02   6.378741e+00  -5.998379e-02   3.260674e-01
   1 1.1044998017e+00  -2.00e-01  9.15e-02    5.781655e-02   6.378760e+00  -6.002916e-02   3.260609e-01

After 1 iterations the fit converged.
final sum of squares of residuals : 1.1045
rel. change during last iteration : -1.99512e-06

degrees of freedom    (FIT_NDF)                        : 3996
rms of residuals      (FIT_STDFIT) = sqrt(WSSR/ndf)    : 0.0166253
variance of residuals (reduced chisquare) = WSSR/ndf   : 0.000276401

Final set of parameters            Asymptotic Standard Error
=======================            ==========================
a               = 0.0578165        +/- 0.0007261    (1.256%)
m               = 6.37876          +/- 0.001348     (0.02114%)
s               = -0.0600292       +/- 0.001518     (2.529%)
c               = 0.326061         +/- 0.0003778    (0.1159%)

correlation matrix of the fit parameters:
                a      m      s      c      
a               1.000 
m               0.185  1.000 
s               0.294  0.671  1.000 
c              -0.397  0.071  0.394  1.000 


*******************************************************************************
Mon Apr  8 19:32:37 2019


FIT:    data read from 'e29.txt' u 1:3
        format = x:z
        #datapoints = 4000
        residuals are weighted equally (unit weight)

function used for fitting: y2(x)
	y2(x)=a2*exp(-(x-m2)**2/(2*s2**2))+c
fitted parameters initialized with current variable values

iter      chisq       delta/lim  lambda   a2            m2            s2            c2           
   0 1.3947287823e+01   0.00e+00  4.49e-07    1.665434e-01   4.902202e+00   3.054832e-01   3.775766e-01
BREAK: Singular matrix in Invert_RtR

*******************************************************************************
Mon Apr  8 19:32:38 2019


FIT:    data read from 'e31.txt' u 1:3
        format = x:z
        #datapoints = 4000
        residuals are weighted equally (unit weight)

function used for fitting: y3(x)
	y3(x)=a3*exp(-(x-m3)**2/(2*s3**2))+c3
fitted parameters initialized with current variable values

iter      chisq       delta/lim  lambda   a3            m3            s3            c3           
   0 3.2623916482e-02   0.00e+00  3.08e+00   -1.220802e-01   7.391879e+00   4.756931e-02   3.538148e-01
   1 3.2623916482e-02   0.00e+00  3.08e+06   -1.220802e-01   7.391879e+00   4.756931e-02   3.538148e-01

After 1 iterations the fit converged.
final sum of squares of residuals : 0.0326239
rel. change during last iteration : 0

degrees of freedom    (FIT_NDF)                        : 3996
rms of residuals      (FIT_STDFIT) = sqrt(WSSR/ndf)    : 0.0028573
variance of residuals (reduced chisquare) = WSSR/ndf   : 8.16414e-06

Final set of parameters            Asymptotic Standard Error
=======================            ==========================
a3              = -0.12208         +/- 0.000132     (0.1081%)
m3              = 7.39188          +/- 5.455e-05    (0.000738%)
s3              = 0.0475693        +/- 6.813e-05    (0.1432%)
c3              = 0.353815         +/- 7.449e-05    (0.02105%)

correlation matrix of the fit parameters:
                a3     m3     s3     c3     
a3              1.000 
m3             -0.082  1.000 
s3              0.184 -0.062  1.000 
c3             -0.400  0.000  0.602  1.000 


*******************************************************************************
Mon Apr  8 19:32:39 2019


FIT:    data read from 'e33.txt' u 1:3
        format = x:z
        #datapoints = 4000
        residuals are weighted equally (unit weight)

function used for fitting: y4(x)
	y4(x)=a4*exp(-(x-m4)**2/(2*s4**2))+c4
fitted parameters initialized with current variable values

iter      chisq       delta/lim  lambda   a4            m4            s4            c4           
   0 2.6743338158e-02   0.00e+00  1.13e+00   -4.223232e-02   7.891760e+00   4.904096e-02   3.412023e-01
   1 2.6743338158e-02   0.00e+00  1.13e+06   -4.223232e-02   7.891760e+00   4.904096e-02   3.412023e-01

After 1 iterations the fit converged.
final sum of squares of residuals : 0.0267433
rel. change during last iteration : 0

degrees of freedom    (FIT_NDF)                        : 3996
rms of residuals      (FIT_STDFIT) = sqrt(WSSR/ndf)    : 0.00258699
variance of residuals (reduced chisquare) = WSSR/ndf   : 6.69253e-06

Final set of parameters            Asymptotic Standard Error
=======================            ==========================
a4              = -0.0422323       +/- 0.0001185    (0.2807%)
m4              = 7.89176          +/- 0.000145     (0.001838%)
s4              = 0.049041         +/- 0.0001839    (0.3749%)
c4              = 0.341202         +/- 6.927e-05    (0.0203%)

correlation matrix of the fit parameters:
                a4     m4     s4     c4     
a4              1.000 
m4             -0.084  1.000 
s4              0.159 -0.063  1.000 
c4             -0.414 -0.000  0.618  1.000 


*******************************************************************************
Mon Apr  8 21:53:27 2019


FIT:    data read from 'unsat2.txt' u 1:2:3:4
        format = x:y:z:s
        #datapoints = 1401
function used for fitting: y1(x) [6.23:6.7]
fitted parameters initialized with current variable values



*******************************************************************************
Mon Apr  8 21:53:49 2019


FIT:    data read from 'unsat2.txt' u 1:2:3:4
        format = x:y:z:s
        #datapoints = 1401
function used for fitting: y(x) [6.23:6.7]
	y(x)=a*exp(-(x-m)**2/(2*s**2))+c
fitted parameters initialized with current variable values



*******************************************************************************
Mon Apr  8 21:54:17 2019


FIT:    data read from 'unsat2.txt'
        format = z
        #datapoints = 1401
        residuals are weighted equally (unit weight)

function used for fitting: y(x) [6.23:6.7]
	y(x)=a*exp(-(x-m)**2/(2*s**2))+c
BREAK: Need via and either parameter list or file

*******************************************************************************
Mon Apr  8 21:54:34 2019


FIT:    data read from 'unsat2.txt' u 1:2:3:4
        format = x:y:z:s
        #datapoints = 1401
function used for fitting: y(x) [6.23:6.7]
	y(x)=a*exp(-(x-m)**2/(2*s**2))+c
fitted parameters initialized with current variable values

Warning: Initial value of parameter 'c' is zero.


*******************************************************************************
Mon Apr  8 21:54:45 2019


FIT:    data read from 'unsat2.txt' u 1:2:3:4
        format = x:y:z:s
        #datapoints = 1401
function used for fitting: y(x) [6.23:6.7]
	y(x)=a*exp(-(x-m)**2/(2*s**2))+c
fitted parameters initialized with current variable values



*******************************************************************************
Mon Apr  8 21:57:20 2019


FIT:    data read from 'unsat2.txt' u 1:2:3:4
        format = x:y:z:s
        x range restricted to [6.23000 : 6.70000]
        #datapoints = 118
function used for fitting: y(x)
	y(x)=a*exp(-(x-m)**2/(2*s**2))+c
fitted parameters initialized with current variable values

iter      chisq       delta/lim  lambda   a             m             s             c            
   0 1.5430773018e+09   0.00e+00  2.23e+03    6.536190e-02   6.560870e+00   4.946860e-02   3.600000e+00
BREAK: Singular matrix in Invert_RtR

*******************************************************************************
Mon Apr  8 21:57:28 2019


FIT:    data read from 'unsat2.txt' u 1:2:3:4
        format = x:y:z:s
        x range restricted to [6.23000 : 6.70000]
        #datapoints = 118
function used for fitting: y(x)
	y(x)=a*exp(-(x-m)**2/(2*s**2))+c
fitted parameters initialized with current variable values

iter      chisq       delta/lim  lambda   a             m             s             c            
   0 1.1800000000e-04   0.00e+00  5.00e-01   -1.908491e-17   6.565563e+00   4.549775e-02   1.001000e-03
BREAK: Singular matrix in Invert_RtR

*******************************************************************************
Mon Apr  8 22:11:53 2019


FIT:    data read from 'unsat2.txt' u 1:2:3:4
        format = x:y:z:s
        x range restricted to [6.23000 : 6.70000]
        #datapoints = 118
function used for fitting: y(x)
	y(x)=a*exp(-(x-m)**2/(2*s**2))+c
fitted parameters initialized with current variable values

iter      chisq       delta/lim  lambda   a             m             s             c            
   0 1.1800000000e-04   0.00e+00  5.00e-01   -1.908491e-17   6.565563e+00   4.549775e-02   1.001000e-03
BREAK: Singular matrix in Invert_RtR

*******************************************************************************
Mon Apr  8 22:12:01 2019


FIT:    data read from 'unsat2.txt'
        format = z
        x range restricted to [6.23000 : 6.70000]
        #datapoints = 118
        residuals are weighted equally (unit weight)

function used for fitting: y(x)
	y(x)=a*exp(-(x-m)**2/(2*s**2))+c
fitted parameters initialized with current variable values

iter      chisq       delta/lim  lambda   a             m             s             c            
   0 1.7482579164e+01   0.00e+00  5.00e-04   -1.908491e-17   6.565563e+00   4.549775e-02   1.001000e-03
BREAK: Singular matrix in Invert_RtR

*******************************************************************************
Mon Apr  8 22:12:08 2019


FIT:    data read from 'unsat2.txt'
        format = z
        x range restricted to [6.23000 : 6.70000]
        #datapoints = 118
        residuals are weighted equally (unit weight)

function used for fitting: y(x)
	y(x)=a*exp(-(x-m)**2/(2*s**2))+c
fitted parameters initialized with current variable values

iter      chisq       delta/lim  lambda   a             m             s            
   0 1.3763519262e-03   0.00e+00  0.00e+00   -1.908491e-17   6.565563e+00   4.549775e-02
BREAK: Singular matrix in Givens()

*******************************************************************************
Mon Apr  8 22:12:18 2019


FIT:    data read from 'unsat2.txt'
        format = z
        x range restricted to [6.23000 : 6.70000]
        #datapoints = 118
        residuals are weighted equally (unit weight)

function used for fitting: y(x)
	y(x)=a*exp(-(x-m)**2/(2*s**2))+c
fitted parameters initialized with current variable values

iter      chisq       delta/lim  lambda   a             m             s             c            
   0 1.3763519262e-03   0.00e+00  1.93e-01   -1.908491e-17   6.565563e+00   4.554325e-02   3.862842e-01
BREAK: Singular matrix in Invert_RtR

*******************************************************************************
Mon Apr  8 22:12:55 2019


FIT:    data read from 'unsat2.txt'
        format = z
        x range restricted to [6.23000 : 6.70000]
        #datapoints = 118
        residuals are weighted equally (unit weight)

function used for fitting: y(x)
	y(x)=a*exp(-(x-m)**2/(2*s**2))+c
fitted parameters initialized with current variable values

iter      chisq       delta/lim  lambda   a             m             s             c            
   0 1.9327970176e-01   0.00e+00  2.11e+00   -1.000000e-01   6.565563e+00   4.554325e-02   3.862842e-01
 270 1.4557069315e-04  -9.98e-01  2.11e-04   -3.816360e-01   7.730920e+00   3.913417e-01   3.892431e-01

After 270 iterations the fit converged.
final sum of squares of residuals : 0.000145571
rel. change during last iteration : -9.98494e-06

degrees of freedom    (FIT_NDF)                        : 114
rms of residuals      (FIT_STDFIT) = sqrt(WSSR/ndf)    : 0.00113002
variance of residuals (reduced chisquare) = WSSR/ndf   : 1.27694e-06

Final set of parameters            Asymptotic Standard Error
=======================            ==========================
a               = -0.381636        +/- 3.564        (933.9%)
m               = 7.73092          +/- 2.602        (33.66%)
s               = 0.391342         +/- 0.4431       (113.2%)
c               = 0.389243         +/- 0.000611     (0.157%)

correlation matrix of the fit parameters:
                a      m      s      c      
a               1.000 
m              -0.999  1.000 
s              -0.997  0.999  1.000 
c              -0.877  0.890  0.904  1.000 


*******************************************************************************
Mon Apr  8 22:14:09 2019


FIT:    data read from 'unsat2.txt'
        format = z
        x range restricted to [6.50000 : 7.23000]
        #datapoints = 183
        residuals are weighted equally (unit weight)

function used for fitting: y(x)
	y(x)=a*exp(-(x-m)**2/(2*s**2))+c
fitted parameters initialized with current variable values

iter      chisq       delta/lim  lambda   a             m             s             c            
   0 4.1288791692e-01   0.00e+00  1.10e+00   -3.816360e-01   7.730920e+00   3.913417e-01   3.892431e-01
  92 2.0572929128e-03   0.00e+00  1.10e+06   -7.760491e-02   6.974020e+00   1.229799e-01   3.835334e-01

After 92 iterations the fit converged.
final sum of squares of residuals : 0.00205729
rel. change during last iteration : 0

degrees of freedom    (FIT_NDF)                        : 179
rms of residuals      (FIT_STDFIT) = sqrt(WSSR/ndf)    : 0.00339017
variance of residuals (reduced chisquare) = WSSR/ndf   : 1.14933e-05

Final set of parameters            Asymptotic Standard Error
=======================            ==========================
a               = -0.0776049       +/- 0.0007071    (0.9112%)
m               = 6.97402          +/- 0.001042     (0.01494%)
s               = 0.12298          +/- 0.001502     (1.221%)
c               = 0.383533         +/- 0.0005392    (0.1406%)

correlation matrix of the fit parameters:
                a      m      s      c      
a               1.000 
m               0.025  1.000 
s              -0.083 -0.036  1.000 
c              -0.597 -0.062  0.701  1.000 


*******************************************************************************
Mon Apr  8 22:16:40 2019


FIT:    data read from 'unsat2.txt'
        format = z
        x range restricted to [7.23000 : 8.00000]
        #datapoints = 193
        residuals are weighted equally (unit weight)

function used for fitting: y2(x)
	y2(x)=a2*exp(-(x-m2)**2/(2*s2**2))+c
fitted parameters initialized with current variable values

Warning: Initial value of parameter 'c2' is zero.
iter      chisq       delta/lim  lambda   a2            m2            s2            c2           
   0 1.5304473212e+00   0.00e+00  0.00e+00    1.663590e-01   6.802480e+00   4.955710e-02   1.000000e-30
BREAK: Singular matrix in Givens()

*******************************************************************************
Mon Apr  8 22:17:20 2019


FIT:    data read from 'unsat2.txt'
        format = z
        x range restricted to [7.23000 : 8.00000]
        #datapoints = 193
        residuals are weighted equally (unit weight)

function used for fitting: y2(x)
	y2(x)=a2*exp(-(x-m2)**2/(2*s2**2))+c
fitted parameters initialized with current variable values

iter      chisq       delta/lim  lambda   a2            m2            s2            c2           
   0 1.5304473212e+00   0.00e+00  0.00e+00    1.663590e-01   6.802480e+00   4.955710e-02   3.600000e-01
BREAK: Singular matrix in Givens()

*******************************************************************************
Mon Apr  8 22:17:51 2019


FIT:    data read from 'unsat2.txt'
        format = z
        x range restricted to [7.23000 : 8.00000]
        #datapoints = 193
        residuals are weighted equally (unit weight)

function used for fitting: y2(x)
	y2(x)=a2*exp(-(x-m2)**2/(2*s2**2))+c
fitted parameters initialized with current variable values

iter      chisq       delta/lim  lambda   a2            m2            s2            c2           
   0 1.5304473212e+00   0.00e+00  0.00e+00   -1.600000e-01   6.802480e+00   4.955710e-02   3.603600e-01
BREAK: Singular matrix in Givens()

*******************************************************************************
Mon Apr  8 22:18:44 2019


FIT:    data read from 'unsat2.txt'
        format = z
        x range restricted to [7.23000 : 7.80000]
        #datapoints = 143
        residuals are weighted equally (unit weight)

function used for fitting: y2(x)
	y2(x)=a2*exp(-(x-m2)**2/(2*s2**2))+c
fitted parameters initialized with current variable values

iter      chisq       delta/lim  lambda   a2            m2            s2            c2           
   0 1.5193493783e+00   0.00e+00  0.00e+00   -1.600000e-01   6.802480e+00   4.955710e-02   3.607204e-01
BREAK: Singular matrix in Givens()

*******************************************************************************
Mon Apr  8 22:19:08 2019


FIT:    data read from 'unsat2.txt'
        format = z
        x range restricted to [7.23000 : 7.80000]
        #datapoints = 143
        residuals are weighted equally (unit weight)

function used for fitting: y2(x)
	y2(x)=a2*exp(-(x-m2)**2/(2*s2**2))+c
fitted parameters initialized with current variable values

iter      chisq       delta/lim  lambda   a2            m2            s2            c2           
   0 6.2777761652e-01   0.00e+00  3.35e+00   -1.600000e-01   7.500000e+00   4.955710e-02   3.610811e-01
BREAK: Singular matrix in Invert_RtR

*******************************************************************************
Mon Apr  8 22:19:31 2019


FIT:    data read from 'unsat2.txt'
        format = z
        x range restricted to [6.50000 : 7.23000]
        #datapoints = 183
        residuals are weighted equally (unit weight)

function used for fitting: y(x)
	y(x)=a*exp(-(x-m)**2/(2*s**2))+c
fitted parameters initialized with current variable values

iter      chisq       delta/lim  lambda   a             m             s             c            
   0 5.6871918461e+01   0.00e+00  1.19e+01   -1.100000e+00   6.974020e+00   1.229799e-01   3.835334e-01
   7 2.0572930688e-03  -1.95e-02  1.19e-06   -7.760567e-02   6.974022e+00   1.229828e-01   3.835343e-01

After 7 iterations the fit converged.
final sum of squares of residuals : 0.00205729
rel. change during last iteration : -1.94851e-07

degrees of freedom    (FIT_NDF)                        : 179
rms of residuals      (FIT_STDFIT) = sqrt(WSSR/ndf)    : 0.00339017
variance of residuals (reduced chisquare) = WSSR/ndf   : 1.14933e-05

Final set of parameters            Asymptotic Standard Error
=======================            ==========================
a               = -0.0776057       +/- 0.0007071    (0.9112%)
m               = 6.97402          +/- 0.001042     (0.01494%)
s               = 0.122983         +/- 0.001502     (1.221%)
c               = 0.383534         +/- 0.0005393    (0.1406%)

correlation matrix of the fit parameters:
                a      m      s      c      
a               1.000 
m               0.025  1.000 
s              -0.083 -0.036  1.000 
c              -0.597 -0.062  0.701  1.000 


*******************************************************************************
Mon Apr  8 22:20:21 2019


FIT:    data read from 'unsat2.txt'
        format = z
        x range restricted to [7.23000 : 7.80000]
        #datapoints = 143
        residuals are weighted equally (unit weight)

function used for fitting: y2(x)
	y2(x)=a2*exp(-(x-m2)**2/(2*s2**2))+c
fitted parameters initialized with current variable values

iter      chisq       delta/lim  lambda   a2            m2            s2            c2           
   0 1.6839667056e-01   0.00e+00  2.48e+00   -1.765976e-01   7.500000e+00   1.099733e-01   3.614422e-01
BREAK: Singular matrix in Invert_RtR

*******************************************************************************
Mon Apr  8 22:20:26 2019


FIT:    data read from 'unsat2.txt'
        format = z
        x range restricted to [7.23000 : 7.80000]
        #datapoints = 143
        residuals are weighted equally (unit weight)

function used for fitting: y2(x)
	y2(x)=a2*exp(-(x-m2)**2/(2*s2**2))+c
fitted parameters initialized with current variable values

iter      chisq       delta/lim  lambda   a2            m2            s2           
   0 3.5025545601e-03   0.00e+00  2.82e+00   -1.765987e-01   7.447607e+00   1.099737e-01
   1 3.5025545376e-03  -6.44e-04  2.82e-01   -1.765987e-01   7.447607e+00   1.099737e-01

After 1 iterations the fit converged.
final sum of squares of residuals : 0.00350255
rel. change during last iteration : -6.44209e-09

degrees of freedom    (FIT_NDF)                        : 140
rms of residuals      (FIT_STDFIT) = sqrt(WSSR/ndf)    : 0.00500182
variance of residuals (reduced chisquare) = WSSR/ndf   : 2.50182e-05

Final set of parameters            Asymptotic Standard Error
=======================            ==========================
a2              = -0.176599        +/- 0.0008892    (0.5035%)
m2              = 7.44761          +/- 0.0006407    (0.008603%)
s2              = 0.109974         +/- 0.0006683    (0.6077%)

correlation matrix of the fit parameters:
                a2     m2     s2     
a2              1.000 
m2             -0.064  1.000 
s2              0.591 -0.086  1.000 


*******************************************************************************
Mon Apr  8 22:20:29 2019


FIT:    data read from 'unsat2.txt'
        format = z
        x range restricted to [7.23000 : 7.80000]
        #datapoints = 143
        residuals are weighted equally (unit weight)

function used for fitting: y2(x)
	y2(x)=a2*exp(-(x-m2)**2/(2*s2**2))+c
fitted parameters initialized with current variable values

iter      chisq       delta/lim  lambda   a2            m2            s2            c2           
   0 3.5025545376e-03   0.00e+00  2.44e+00   -1.765987e-01   7.447607e+00   1.099737e-01   3.618036e-01
BREAK: Singular matrix in Invert_RtR

*******************************************************************************
Mon Apr  8 22:21:14 2019


FIT:    data read from 'unsat2.txt'
        format = z
        x range restricted to [7.23000 : 7.80000]
        #datapoints = 143
        residuals are weighted equally (unit weight)

function used for fitting: y2(x)
	y2(x)=a2*exp(-(x-m2)**2/(2*s2**2))+c
fitted parameters initialized with current variable values

iter      chisq       delta/lim  lambda   a2            m2            s2            c2           
   0 3.5025545331e-03   0.00e+00  2.44e+00   -1.765987e-01   7.447607e+00   1.099736e-01   3.621654e-01
BREAK: Singular matrix in Invert_RtR

*******************************************************************************
Mon Apr  8 22:21:26 2019


FIT:    data read from 'unsat2.txt'
        format = z
        x range restricted to [7.23000 : 7.80000]
        #datapoints = 143
        residuals are weighted equally (unit weight)

function used for fitting: y2(x)
	y2(x)=a2*exp(-(x-m2)**2/(2*s2**2))+c
fitted parameters initialized with current variable values

iter      chisq       delta/lim  lambda   m2            s2            c2           
   0 3.5025545291e-03   0.00e+00  2.82e+00    7.447607e+00   1.099736e-01   3.625276e-01
BREAK: Singular matrix in Invert_RtR

*******************************************************************************
Mon Apr  8 22:21:29 2019


FIT:    data read from 'unsat2.txt'
        format = z
        x range restricted to [7.23000 : 7.80000]
        #datapoints = 143
        residuals are weighted equally (unit weight)

function used for fitting: y2(x)
	y2(x)=a2*exp(-(x-m2)**2/(2*s2**2))+c
fitted parameters initialized with current variable values

iter      chisq       delta/lim  lambda   a2            m2            s2            c2           
   0 3.5025545265e-03   0.00e+00  2.44e+00   -1.765987e-01   7.447607e+00   1.099736e-01   3.628901e-01
BREAK: Singular matrix in Invert_RtR

*******************************************************************************
Mon Apr  8 22:21:32 2019


FIT:    data read from 'unsat2.txt'
        format = z
        x range restricted to [7.23000 : 7.80000]
        #datapoints = 143
        residuals are weighted equally (unit weight)

function used for fitting: y2(x)
	y2(x)=a2*exp(-(x-m2)**2/(2*s2**2))+c
fitted parameters initialized with current variable values

iter      chisq       delta/lim  lambda   a2            m2            s2           
   0 3.5025545234e-03   0.00e+00  2.82e+00   -1.765987e-01   7.447607e+00   1.099736e-01
   1 3.5025545211e-03  -6.34e-05  2.82e-01   -1.765987e-01   7.447607e+00   1.099736e-01

After 1 iterations the fit converged.
final sum of squares of residuals : 0.00350255
rel. change during last iteration : -6.34076e-10

degrees of freedom    (FIT_NDF)                        : 140
rms of residuals      (FIT_STDFIT) = sqrt(WSSR/ndf)    : 0.00500182
variance of residuals (reduced chisquare) = WSSR/ndf   : 2.50182e-05

Final set of parameters            Asymptotic Standard Error
=======================            ==========================
a2              = -0.176599        +/- 0.0008892    (0.5035%)
m2              = 7.44761          +/- 0.0006407    (0.008603%)
s2              = 0.109974         +/- 0.0006683    (0.6077%)

correlation matrix of the fit parameters:
                a2     m2     s2     
a2              1.000 
m2             -0.064  1.000 
s2              0.591 -0.086  1.000 


*******************************************************************************
Mon Apr  8 22:21:51 2019


FIT:    data read from 'unsat2.txt'
        format = z
        x range restricted to [7.23000 : 7.80000]
        #datapoints = 143
        residuals are weighted equally (unit weight)

function used for fitting: y2(x)
	y2(x)=a2*exp(-(x-m2)**2/(2*s2**2))+c
fitted parameters initialized with current variable values

iter      chisq       delta/lim  lambda   c2           
   0 3.5025545211e-03   0.00e+00  0.00e+00    3.632530e-01
BREAK: Singular matrix in Givens()

*******************************************************************************
Mon Apr  8 22:22:41 2019


FIT:    data read from 'unsat2.txt'
        format = z
        x range restricted to [8.30000 : 9.00000]
        #datapoints = 176
        residuals are weighted equally (unit weight)

function used for fitting: y3(x)
	y3(x)=a3*exp(-(x-m3)**2/(2*s3**2))+c3
fitted parameters initialized with current variable values

Warning: Initial value of parameter 'c3' is zero.
iter      chisq       delta/lim  lambda   a3            m3            s3            c3           
   0 1.8270768000e+01   0.00e+00  5.00e-01    1.220910e-01   7.391880e+00   4.756210e-02   1.000000e-30
BREAK: Singular matrix in Invert_RtR

*******************************************************************************
Mon Apr  8 22:22:58 2019


FIT:    data read from 'unsat2.txt'
        format = z
        x range restricted to [8.30000 : 9.00000]
        #datapoints = 176
        residuals are weighted equally (unit weight)

function used for fitting: y3(x)
	y3(x)=a3*exp(-(x-m3)**2/(2*s3**2))+c3
fitted parameters initialized with current variable values

iter      chisq       delta/lim  lambda   a3            m3            s3            c3           
   0 6.1060800000e-01   0.00e+00  1.80e-01    1.220910e-01   7.391880e+00   4.756210e-02   3.600000e-01
BREAK: Singular matrix in Invert_RtR

*******************************************************************************
Mon Apr  8 22:23:28 2019


FIT:    data read from 'unsat2.txt'
        format = z
        x range restricted to [8.30000 : 9.00000]
        #datapoints = 176
        residuals are weighted equally (unit weight)

function used for fitting: y3(x)
	y3(x)=a3*exp(-(x-m3)**2/(2*s3**2))+c3
fitted parameters initialized with current variable values

iter      chisq       delta/lim  lambda   a3            m3            s3            c3           
   0 3.7874951190e-01   0.00e+00  2.91e+00   -1.300000e-01   8.700000e+00   4.756210e-02   3.196830e-01
   8 1.3800137046e-03   0.00e+00  2.91e+05   -1.205000e-01   8.616263e+00   9.359978e-02   3.595080e-01

After 8 iterations the fit converged.
final sum of squares of residuals : 0.00138001
rel. change during last iteration : 0

degrees of freedom    (FIT_NDF)                        : 172
rms of residuals      (FIT_STDFIT) = sqrt(WSSR/ndf)    : 0.00283255
variance of residuals (reduced chisquare) = WSSR/ndf   : 8.02334e-06

Final set of parameters            Asymptotic Standard Error
=======================            ==========================
a3              = -0.1205          +/- 0.0006073    (0.504%)
m3              = 8.61626          +/- 0.0004842    (0.005619%)
s3              = 0.0935998        +/- 0.0006448    (0.6889%)
c3              = 0.359508         +/- 0.0003915    (0.1089%)

correlation matrix of the fit parameters:
                a3     m3     s3     c3     
a3              1.000 
m3             -0.048  1.000 
s3              0.081 -0.033  1.000 
c3             -0.460  0.002  0.661  1.000 


*******************************************************************************
Mon Apr  8 22:24:45 2019


FIT:    data read from 'unsat2.txt'
        format = z
        x range restricted to [9.30000 : 10.0000]
        #datapoints = 176
        residuals are weighted equally (unit weight)

function used for fitting: y4(x)
	y4(x)=a4*exp(-(x-m4)**2/(2*s4**2))+c4
fitted parameters initialized with current variable values

iter      chisq       delta/lim  lambda   a4            m4            s4            c4           
   0 8.7704000000e-02   0.00e+00  1.75e-01   -4.000000e-02   7.933960e+00  -4.169530e-03   3.500000e-01
BREAK: Singular matrix in Invert_RtR

*******************************************************************************
Mon Apr  8 22:24:53 2019


FIT:    data read from 'unsat2.txt'
        format = z
        x range restricted to [9.30000 : 10.0000]
        #datapoints = 176
        residuals are weighted equally (unit weight)

function used for fitting: y4(x)
	y4(x)=a4*exp(-(x-m4)**2/(2*s4**2))+c4
fitted parameters initialized with current variable values

iter      chisq       delta/lim  lambda   a4            m4            s4           
   0 3.8076176851e-02   0.00e+00  0.00e+00   -4.000000e-02   7.933960e+00  -4.169530e-03
BREAK: Singular matrix in Givens()

*******************************************************************************
Mon Apr  8 22:24:59 2019


FIT:    data read from 'unsat2.txt'
        format = z
        x range restricted to [9.30000 : 10.0000]
        #datapoints = 176
        residuals are weighted equally (unit weight)

function used for fitting: y4(x)
	y4(x)=a4*exp(-(x-m4)**2/(2*s4**2))+c4
fitted parameters initialized with current variable values

iter      chisq       delta/lim  lambda   a4           
   0 3.8076176851e-02   0.00e+00  0.00e+00   -4.000000e-02
BREAK: Singular matrix in Givens()

*******************************************************************************
Mon Apr  8 22:25:04 2019


FIT:    data read from 'unsat2.txt'
        format = z
        x range restricted to [9.30000 : 10.0000]
        #datapoints = 176
        residuals are weighted equally (unit weight)

function used for fitting: y4(x)
	y4(x)=a4*exp(-(x-m4)**2/(2*s4**2))+c4
fitted parameters initialized with current variable values

iter      chisq       delta/lim  lambda   a4            m4            s4            c4           
   0 3.8076176851e-02   0.00e+00  1.67e-01   -4.004000e-02   7.933960e+00  -4.173700e-03   3.335378e-01
BREAK: Singular matrix in Invert_RtR

*******************************************************************************
Mon Apr  8 22:25:57 2019


FIT:    data read from 'unsat2.txt'
        format = z
        x range restricted to [9.30000 : 10.0000]
        #datapoints = 176
        residuals are weighted equally (unit weight)

function used for fitting: y4(x)
	y4(x)=a4*exp(-(x-m4)**2/(2*s4**2))+c4
fitted parameters initialized with current variable values

iter      chisq       delta/lim  lambda   a4            m4            s4            c4           
   0 1.6146474933e-01   0.00e+00  1.25e+00   -2.000000e-02   9.500000e+00  -4.173700e-03   3.600000e-01
  12 8.9735928462e-04  -1.16e-01  1.25e-12   -4.121113e-02   9.610890e+00  -9.161184e-02   3.466427e-01

After 12 iterations the fit converged.
final sum of squares of residuals : 0.000897359
rel. change during last iteration : -1.16391e-06

degrees of freedom    (FIT_NDF)                        : 172
rms of residuals      (FIT_STDFIT) = sqrt(WSSR/ndf)    : 0.00228412
variance of residuals (reduced chisquare) = WSSR/ndf   : 5.21721e-06

Final set of parameters            Asymptotic Standard Error
=======================            ==========================
a4              = -0.0412111       +/- 0.0004916    (1.193%)
m4              = 9.61089          +/- 0.00113      (0.01176%)
s4              = -0.0916118       +/- 0.001483     (1.618%)
c4              = 0.346643         +/- 0.0003083    (0.08893%)

correlation matrix of the fit parameters:
                a4     m4     s4     c4     
a4              1.000 
m4             -0.055  1.000 
s4             -0.104  0.039  1.000 
c4             -0.447  0.002 -0.648  1.000 


*******************************************************************************
Thu Apr 11 01:56:31 2019


FIT:    data read from 'bandwidth.txt' u 1:2
        format = x:z
        #datapoints = 4
        residuals are weighted equally (unit weight)

function used for fitting: f1(x)
	f1(x)=slope1*x+int1
BREAK: Need via and either parameter list or file

*******************************************************************************
Thu Apr 11 01:56:42 2019


FIT:    data read from 'bandwidth.txt' u 1:2
        format = x:z
        #datapoints = 4
        residuals are weighted equally (unit weight)

function used for fitting: f1(x)
	f1(x)=slope1*x+int1
fitted parameters initialized with current variable values

iter      chisq       delta/lim  lambda   slope1        int1         
   0 3.4000875830e+02   0.00e+00  5.86e+00    1.000000e+00   1.000000e+00
   7 8.6400720272e-22   0.00e+00  5.86e+01    2.957445e-06   9.235684e-12

After 7 iterations the fit converged.
final sum of squares of residuals : 8.64007e-22
rel. change during last iteration : 0

degrees of freedom    (FIT_NDF)                        : 2
rms of residuals      (FIT_STDFIT) = sqrt(WSSR/ndf)    : 2.07847e-11
variance of residuals (reduced chisquare) = WSSR/ndf   : 4.32004e-22

Final set of parameters            Asymptotic Standard Error
=======================            ==========================
slope1          = 2.95744e-06      +/- 1.011e-11    (0.0003418%)
int1            = 9.23568e-12      +/- 8.316e-11    (900.5%)

correlation matrix of the fit parameters:
                slope1 int1   
slope1          1.000 
int1           -0.992  1.000 


*******************************************************************************
Thu Apr 11 01:57:45 2019


FIT:    data read from 'bandwidth.txt' u 1:2
        format = x:z
        #datapoints = 4
        residuals are weighted equally (unit weight)

function used for fitting: f1(x)
	f1(x)=slope1*x+int1
fitted parameters initialized with current variable values

iter      chisq       delta/lim  lambda   slope1        int1         
   0 1.5004086141e-14   0.00e+00  1.72e-05    2.950000e-06   9.235684e-12
   4 8.6400720280e-22  -1.14e-05  1.72e-09    2.957445e-06   9.235684e-12

After 4 iterations the fit converged.
final sum of squares of residuals : 8.64007e-22
rel. change during last iteration : -1.13737e-10

degrees of freedom    (FIT_NDF)                        : 2
rms of residuals      (FIT_STDFIT) = sqrt(WSSR/ndf)    : 2.07847e-11
variance of residuals (reduced chisquare) = WSSR/ndf   : 4.32004e-22

Final set of parameters            Asymptotic Standard Error
=======================            ==========================
slope1          = 2.95744e-06      +/- 1.011e-11    (0.0003418%)
int1            = 9.23568e-12      +/- 8.316e-11    (900.5%)

correlation matrix of the fit parameters:
                slope1 int1   
slope1          1.000 
int1           -0.992  1.000 


*******************************************************************************
Thu Apr 11 01:58:00 2019


FIT:    data read from 'bandwidth.txt' u 1:2
        format = x:z
        #datapoints = 4
        residuals are weighted equally (unit weight)

function used for fitting: f1(x)
	f1(x)=slope1*x+int1
fitted parameters initialized with current variable values

iter      chisq       delta/lim  lambda   slope1        int1         
   0 8.6400720280e-22   0.00e+00  1.72e-05    2.957445e-06   9.235684e-12
   1 8.6400720280e-22   0.00e+00  1.72e-06    2.957445e-06   9.235684e-12

After 1 iterations the fit converged.
final sum of squares of residuals : 8.64007e-22
rel. change during last iteration : 0

degrees of freedom    (FIT_NDF)                        : 2
rms of residuals      (FIT_STDFIT) = sqrt(WSSR/ndf)    : 2.07847e-11
variance of residuals (reduced chisquare) = WSSR/ndf   : 4.32004e-22

Final set of parameters            Asymptotic Standard Error
=======================            ==========================
slope1          = 2.95744e-06      +/- 1.011e-11    (0.0003418%)
int1            = 9.23568e-12      +/- 8.316e-11    (900.5%)

correlation matrix of the fit parameters:
                slope1 int1   
slope1          1.000 
int1           -0.992  1.000 


*******************************************************************************
Thu Apr 11 01:58:27 2019


FIT:    data read from 'bandwidth.txt' u 1:4
        format = x:z
        #datapoints = 4
        residuals are weighted equally (unit weight)

function used for fitting: f2(x)
	f2(x)=slope2*x+int2
fitted parameters initialized with current variable values

iter      chisq       delta/lim  lambda   slope2        int2         
   0 3.2238407449e+02   0.00e+00  5.86e+00    1.000000e+00   1.000000e+00
   5 2.3305252423e-04  -2.45e-03  5.86e-05   -2.932670e-02   4.866202e-01

After 5 iterations the fit converged.
final sum of squares of residuals : 0.000233053
rel. change during last iteration : -2.45109e-08

degrees of freedom    (FIT_NDF)                        : 2
rms of residuals      (FIT_STDFIT) = sqrt(WSSR/ndf)    : 0.0107947
variance of residuals (reduced chisquare) = WSSR/ndf   : 0.000116526

Final set of parameters            Asymptotic Standard Error
=======================            ==========================
slope2          = -0.0293267       +/- 0.00525      (17.9%)
int2            = 0.48662          +/- 0.04319      (8.876%)

correlation matrix of the fit parameters:
                slope2 int2   
slope2          1.000 
int2           -0.992  1.000 
